Triggered snapshot_id=sd_mm8nqzyl1izwo5w1mi
Status: running
Status: running
Status: running
Status: running
Status: running
Status: running
Status: running
Status: running
Status: running
Status: running
Status: running
Status: running
Status: running
Status: running
Status: running
Status: running
Status: running
Status: running
Status: running
Status: running
Timeout waiting for snapshot
HousingScrapper/.venv/lib/python3.14/site-packages/requests/models.py", line 1026, in raise_for_status
    raise HTTPError(http_error_msg, response=self)
requests.exceptions.HTTPError: 404 Client Error: Not Found for url: https://api.brightdata.com/datasets/snapshots/sd_mm8nrxhf1nf53pivl0/download?format=json
